<?xml version="1.0" encoding="UTF-8"?>
<!DOCTYPE beans PUBLIC "-//SPRING//DTD BEAN 2.0//EN"
        "http://www.springframework.org/dtd/spring-beans-2.0.dtd">
<beans>
    <bean id="dataSource" class="org.apache.commons.dbcp.BasicDataSource" >
        <property name="driverClassName" value="org.h2.Driver"/>
        <property name="url" value="jdbc:h2:tcp://localhost/mem:#{systemProperties.__testifyDBName};MODE=MySQL;DB_CLOSE_DELAY=-1;DB_CLOSE_ON_EXIT=FALSE" />
    </bean>
</beans>